2025-09-08 02:12:29,226 - INFO - Starting Trial Activation Analysis
2025-09-08 02:12:29,229 - INFO - Creating utility functions
2025-09-08 02:12:29,230 - INFO - Utility functions created successfully
2025-09-08 02:12:29,239 - INFO - Directory created/verified: Task1\bivariate_analysis_plots
2025-09-08 02:12:29,243 - INFO - Directory created/verified: Task1\improved_activity_plots
2025-09-08 02:12:29,244 - INFO - Environment setup completed successfully
2025-09-08 02:12:29,244 - INFO - Random state set to: 42
2025-09-08 02:12:29,522 - INFO - Loading data from: data_clean.csv
2025-09-08 02:12:29,632 - INFO - Data loaded successfully. Shape: (41596, 7)
2025-09-08 02:12:29,633 - INFO - Columns: ['ORGANIZATION_ID', 'ACTIVITY_NAME', 'TIMESTAMP', 'CONVERTED', 'CONVERTED_AT', 'TRIAL_START', 'TRIAL_END']
2025-09-08 02:12:29,634 - INFO - === DATA OVERVIEW ===
2025-09-08 02:12:29,634 - INFO - Dataset shape: (41596, 7)
2025-09-08 02:12:29,681 - INFO - Memory usage: 15.84 MB
2025-09-08 02:12:29,692 - INFO - Null values per column:
ORGANIZATION_ID        0
ACTIVITY_NAME          0
TIMESTAMP              0
CONVERTED              0
CONVERTED_AT       32236
TRIAL_START            0
TRIAL_END              0
dtype: int64
2025-09-08 02:12:29,694 - INFO - Data types:
ORGANIZATION_ID    object
ACTIVITY_NAME      object
TIMESTAMP          object
CONVERTED            bool
CONVERTED_AT       object
TRIAL_START        object
TRIAL_END          object
dtype: object
2025-09-08 02:12:29,695 - INFO - === BASIC DATASET INFORMATION ===
2025-09-08 02:12:29,696 - INFO - Dataset dimensions: 41,596 rows × 7 columns
2025-09-08 02:12:29,742 - INFO - Memory usage: 15.84 MB
2025-09-08 02:12:29,743 - INFO - 
=== COLUMN INFORMATION ===
2025-09-08 02:12:29,750 - INFO -  1. ORGANIZATION_ID                | object          | Null:      0 (  0.0%) | Unique:      664
2025-09-08 02:12:29,757 - INFO -  2. ACTIVITY_NAME                  | object          | Null:      0 (  0.0%) | Unique:       27
2025-09-08 02:12:29,767 - INFO -  3. TIMESTAMP                      | object          | Null:      0 (  0.0%) | Unique:   40,550
2025-09-08 02:12:29,769 - INFO -  4. CONVERTED                      | bool            | Null:      0 (  0.0%) | Unique:        2
2025-09-08 02:12:29,773 - INFO -  5. CONVERTED_AT                   | object          | Null: 32,236 ( 77.5%) | Unique:      140
2025-09-08 02:12:29,778 - INFO -  6. TRIAL_START                    | object          | Null:      0 (  0.0%) | Unique:      664
2025-09-08 02:12:29,783 - INFO -  7. TRIAL_END                      | object          | Null:      0 (  0.0%) | Unique:      664
2025-09-08 02:12:29,785 - INFO - 
=== SAMPLE DATA (First 5 rows) ===
2025-09-08 02:12:29,790 - INFO - 
                    ORGANIZATION_ID                       ACTIVITY_NAME            TIMESTAMP  CONVERTED CONVERTED_AT          TRIAL_START            TRIAL_END
0  00456fd86311b6095ad05f7e31758f0d            Scheduling.Shift.Created  2024-01-11 13:49:19      False          NaN  2024-01-11 13:44:36  2024-02-10 13:44:36
1  00456fd86311b6095ad05f7e31758f0d  Scheduling.Shift.AssignmentChanged  2024-01-11 13:49:29      False          NaN  2024-01-11 13:44:36  2024-02-10 13:44:36
2  00456fd86311b6095ad05f7e31758f0d  Scheduling.Shift.AssignmentChanged  2024-01-11 13:49:30      False          NaN  2024-01-11 13:44:36  2024-02-10 13:44:36
3  00456fd86311b6095ad05f7e31758f0d       Communication.Message.Created  2024-01-11 13:52:48      False          NaN  2024-01-11 13:44:36  2024-02-10 13:44:36
4  00456fd86311b6095ad05f7e31758f0d              Mobile.Schedule.Loaded  2024-01-11 14:02:13      False          NaN  2024-01-11 13:44:36  2024-02-10 13:44:36
2025-09-08 02:12:29,791 - INFO - 
=== DATA TYPE SUMMARY ===
2025-09-08 02:12:29,792 - INFO - object         :   6 columns
2025-09-08 02:12:29,792 - INFO - bool           :   1 columns
2025-09-08 02:12:29,796 - INFO - Phase 1 (Data Loading and Initial Setup) completed successfully
2025-09-08 02:12:29,797 - INFO - Phase 1 metrics: {'Records loaded': 41596, 'Columns': 7, 'Organizations': 664}
2025-09-08 02:12:29,799 - INFO - Starting duplicate identification and removal
2025-09-08 02:12:29,837 - INFO - Duplicates removed: 0
2025-09-08 02:12:29,838 - INFO - Original shape: (41596, 7)
2025-09-08 02:12:29,838 - INFO - Final shape: (41596, 7)
2025-09-08 02:12:29,840 - INFO - Starting data type conversion and validation
2025-09-08 02:12:29,910 - INFO - All data type conversions completed successfully
2025-09-08 02:12:29,911 - INFO - Starting missing value analysis
2025-09-08 02:12:29,932 - INFO - Missing value analysis completed
2025-09-08 02:12:29,942 - INFO - Starting data validation rules check
2025-09-08 02:12:29,972 - INFO - Data validation completed. Results: {'timestamp_within_trial': True, 'converted_at_within_trial': False, 'trial_duration_valid': True}
2025-09-08 02:12:29,974 - INFO - Applying statistical robustness filtering
2025-09-08 02:12:30,294 - INFO - Cleaned data saved to: Task1\data_clean.csv
2025-09-08 02:12:30,297 - INFO - Phase 2 (Data Cleaning and Quality Assessment) completed successfully
2025-09-08 02:12:30,298 - INFO - Phase 2 metrics: {'Original records': 41596, 'Final records': 26643, 'Organizations': 630, 'Data reduction': '35.9%'}
2025-09-08 02:12:30,300 - INFO - Creating row-level temporal features
2025-09-08 02:12:30,319 - INFO - Row-level temporal features created successfully
2025-09-08 02:12:30,320 - INFO - Creating activity categories
2025-09-08 02:12:30,333 - INFO - Activity categories created successfully
2025-09-08 02:12:30,335 - INFO - Creating organization-level aggregated features
2025-09-08 02:12:32,020 - INFO - Organization-level features created successfully
2025-09-08 02:12:32,021 - INFO - Created features for 630 organizations
2025-09-08 02:12:32,022 - INFO - Phase 3 (Feature Engineering) completed successfully
2025-09-08 02:12:32,022 - INFO - Phase 3 metrics: {'Temporal features': 'Created', 'Activity categories': 'Created', 'Organization features': 630}
2025-09-08 02:12:32,023 - INFO - Creating dataset segments for analysis
2025-09-08 02:12:32,043 - INFO - Dataset segmentation completed
2025-09-08 02:12:32,044 - INFO - Creating visualization plots
2025-09-08 02:12:33,568 - INFO - Plot saved: Task1\bivariate_analysis_plots\activity_distribution.png
2025-09-08 02:12:34,048 - INFO - Plot saved: Task1\bivariate_analysis_plots\category_distribution.png
2025-09-08 02:12:34,208 - INFO - Using categorical units to plot a list of strings that are all parsable as floats or dates. If these strings should be plotted as numbers, cast to the appropriate data type before plotting.
2025-09-08 02:12:34,210 - INFO - Using categorical units to plot a list of strings that are all parsable as floats or dates. If these strings should be plotted as numbers, cast to the appropriate data type before plotting.
2025-09-08 02:12:35,283 - INFO - Plot saved: Task1\bivariate_analysis_plots\temporal_activity_analysis.png
2025-09-08 02:12:36,758 - INFO - Plot saved: Task1\improved_activity_plots\conversion_comparison.png
2025-09-08 02:12:37,472 - INFO - Plot saved: Task1\bivariate_analysis_plots\feature_correlation_analysis.png
2025-09-08 02:12:37,492 - INFO - Phase 4 (Dataset Segmentation and Analysis) completed successfully
2025-09-08 02:12:37,493 - INFO - Phase 4 metrics: {'Segments created': 3, 'Visualizations': 5, 'Plots saved': 'Task1\\bivariate_analysis_plots, Task1\\improved_activity_plots'}
2025-09-08 02:12:37,494 - INFO - Trial Activation Analysis completed successfully
