2025-09-08 03:13:47,440 - INFO - Starting Trial Activation Analysis
2025-09-08 03:13:47,444 - INFO - Creating utility functions
2025-09-08 03:13:47,444 - INFO - Utility functions created successfully
2025-09-08 03:13:47,448 - INFO - Directory created/verified: Task1\bivariate_analysis_plots
2025-09-08 03:13:47,450 - INFO - Directory created/verified: Task1\improved_activity_plots
2025-09-08 03:13:47,451 - INFO - Environment setup completed successfully
2025-09-08 03:13:47,451 - INFO - Random state set to: 42
2025-09-08 03:13:47,454 - INFO - Loading data from: data_clean.csv
2025-09-08 03:13:47,598 - INFO - Data loaded successfully. Shape: (41596, 7)
2025-09-08 03:13:47,599 - INFO - Columns: ['ORGANIZATION_ID', 'ACTIVITY_NAME', 'TIMESTAMP', 'CONVERTED', 'CONVERTED_AT', 'TRIAL_START', 'TRIAL_END']
2025-09-08 03:13:47,599 - INFO - === DATA OVERVIEW ===
2025-09-08 03:13:47,600 - INFO - Dataset shape: (41596, 7)
2025-09-08 03:13:47,652 - INFO - Memory usage: 15.84 MB
2025-09-08 03:13:47,665 - INFO - Null values per column:
ORGANIZATION_ID        0
ACTIVITY_NAME          0
TIMESTAMP              0
CONVERTED              0
CONVERTED_AT       32236
TRIAL_START            0
TRIAL_END              0
dtype: int64
2025-09-08 03:13:47,668 - INFO - Data types:
ORGANIZATION_ID    object
ACTIVITY_NAME      object
TIMESTAMP          object
CONVERTED            bool
CONVERTED_AT       object
TRIAL_START        object
TRIAL_END          object
dtype: object
2025-09-08 03:13:47,668 - INFO - === BASIC DATASET INFORMATION ===
2025-09-08 03:13:47,669 - INFO - Dataset dimensions: 41,596 rows × 7 columns
2025-09-08 03:13:47,718 - INFO - Memory usage: 15.84 MB
2025-09-08 03:13:47,719 - INFO - 
=== COLUMN INFORMATION ===
2025-09-08 03:13:47,727 - INFO -  1. ORGANIZATION_ID                | object          | Null:      0 (  0.0%) | Unique:      664
2025-09-08 03:13:47,733 - INFO -  2. ACTIVITY_NAME                  | object          | Null:      0 (  0.0%) | Unique:       27
2025-09-08 03:13:47,743 - INFO -  3. TIMESTAMP                      | object          | Null:      0 (  0.0%) | Unique:   40,550
2025-09-08 03:13:47,745 - INFO -  4. CONVERTED                      | bool            | Null:      0 (  0.0%) | Unique:        2
2025-09-08 03:13:47,748 - INFO -  5. CONVERTED_AT                   | object          | Null: 32,236 ( 77.5%) | Unique:      140
2025-09-08 03:13:47,752 - INFO -  6. TRIAL_START                    | object          | Null:      0 (  0.0%) | Unique:      664
2025-09-08 03:13:47,759 - INFO -  7. TRIAL_END                      | object          | Null:      0 (  0.0%) | Unique:      664
2025-09-08 03:13:47,760 - INFO - 
=== SAMPLE DATA (First 5 rows) ===
2025-09-08 03:13:47,765 - INFO - 
                    ORGANIZATION_ID                       ACTIVITY_NAME            TIMESTAMP  CONVERTED CONVERTED_AT          TRIAL_START            TRIAL_END
0  00456fd86311b6095ad05f7e31758f0d            Scheduling.Shift.Created  2024-01-11 13:49:19      False          NaN  2024-01-11 13:44:36  2024-02-10 13:44:36
1  00456fd86311b6095ad05f7e31758f0d  Scheduling.Shift.AssignmentChanged  2024-01-11 13:49:29      False          NaN  2024-01-11 13:44:36  2024-02-10 13:44:36
2  00456fd86311b6095ad05f7e31758f0d  Scheduling.Shift.AssignmentChanged  2024-01-11 13:49:30      False          NaN  2024-01-11 13:44:36  2024-02-10 13:44:36
3  00456fd86311b6095ad05f7e31758f0d       Communication.Message.Created  2024-01-11 13:52:48      False          NaN  2024-01-11 13:44:36  2024-02-10 13:44:36
4  00456fd86311b6095ad05f7e31758f0d              Mobile.Schedule.Loaded  2024-01-11 14:02:13      False          NaN  2024-01-11 13:44:36  2024-02-10 13:44:36
2025-09-08 03:13:47,766 - INFO - 
=== DATA TYPE SUMMARY ===
2025-09-08 03:13:47,767 - INFO - object         :   6 columns
2025-09-08 03:13:47,768 - INFO - bool           :   1 columns
2025-09-08 03:13:47,772 - INFO - Phase 1 (Data Loading and Initial Setup) completed successfully
2025-09-08 03:13:47,773 - INFO - Phase 1 metrics: {'Records loaded': 41596, 'Columns': 7, 'Organizations': 664}
2025-09-08 03:13:47,775 - INFO - Starting duplicate identification and removal
2025-09-08 03:13:47,813 - INFO - Duplicates removed: 0
2025-09-08 03:13:47,815 - INFO - Original shape: (41596, 7)
2025-09-08 03:13:47,815 - INFO - Final shape: (41596, 7)
2025-09-08 03:13:47,817 - INFO - Starting data type conversion and validation
2025-09-08 03:13:47,893 - INFO - All data type conversions completed successfully
2025-09-08 03:13:47,894 - INFO - Starting missing value analysis
2025-09-08 03:13:47,916 - INFO - Missing value analysis completed
2025-09-08 03:13:47,926 - INFO - Starting data validation rules check
2025-09-08 03:13:47,955 - INFO - Data validation completed. Results: {'timestamp_within_trial': True, 'converted_at_within_trial': False, 'trial_duration_valid': True}
2025-09-08 03:13:47,957 - INFO - Applying statistical robustness filtering
2025-09-08 03:13:47,979 - INFO - Statistical filtering completed: 41596 -> 26643 records
2025-09-08 03:13:48,298 - INFO - Cleaned data saved to: Task1\data_clean.csv
2025-09-08 03:13:48,301 - INFO - Phase 2 (Data Cleaning and Quality Assessment) completed successfully
2025-09-08 03:13:48,304 - INFO - Phase 2 metrics: {'Original records': 41596, 'Final records': 26643, 'Organizations': 630, 'Data reduction': '35.9%'}
2025-09-08 03:13:48,307 - INFO - Creating row-level temporal features
2025-09-08 03:13:48,331 - INFO - Row-level temporal features created successfully
2025-09-08 03:13:48,333 - INFO - Creating activity categories
2025-09-08 03:13:48,347 - INFO - Activity categories created successfully
2025-09-08 03:13:48,348 - INFO - Creating organization-level aggregated features
2025-09-08 03:13:50,104 - INFO - Organization-level features created successfully
2025-09-08 03:13:50,105 - INFO - Created features for 630 organizations
2025-09-08 03:13:50,106 - INFO - Phase 3 (Feature Engineering) completed successfully
2025-09-08 03:13:50,107 - INFO - Phase 3 metrics: {'Temporal features': 'Created', 'Activity categories': 'Created', 'Organization features': 630}
2025-09-08 03:13:50,108 - INFO - Creating dataset segments for analysis
2025-09-08 03:13:50,127 - INFO - Dataset segmentation completed
2025-09-08 03:13:50,128 - INFO - Starting univariate analysis
2025-09-08 03:13:50,137 - INFO - Univariate analysis completed
2025-09-08 03:13:50,139 - INFO - Starting bivariate analysis
2025-09-08 03:13:50,143 - INFO - Bivariate analysis completed
2025-09-08 03:13:50,144 - INFO - Starting advanced EDA
2025-09-08 03:13:50,147 - INFO - Advanced EDA completed
2025-09-08 03:13:50,148 - INFO - Creating visualization plots
2025-09-08 03:13:51,170 - INFO - Plot saved: Task1\bivariate_analysis_plots\activity_distribution.png
2025-09-08 03:13:51,639 - INFO - Plot saved: Task1\bivariate_analysis_plots\category_distribution.png
2025-09-08 03:13:51,799 - INFO - Using categorical units to plot a list of strings that are all parsable as floats or dates. If these strings should be plotted as numbers, cast to the appropriate data type before plotting.
2025-09-08 03:13:51,801 - INFO - Using categorical units to plot a list of strings that are all parsable as floats or dates. If these strings should be plotted as numbers, cast to the appropriate data type before plotting.
2025-09-08 03:13:52,894 - INFO - Plot saved: Task1\bivariate_analysis_plots\temporal_activity_analysis.png
2025-09-08 03:13:54,389 - INFO - Plot saved: Task1\improved_activity_plots\conversion_comparison.png
2025-09-08 03:13:55,090 - INFO - Plot saved: Task1\bivariate_analysis_plots\feature_correlation_analysis.png
2025-09-08 03:13:55,113 - INFO - Phase 4 (Dataset Segmentation and Analysis) completed successfully
2025-09-08 03:13:55,114 - INFO - Phase 4 metrics: {'Segments created': 3, 'Univariate analysis': 'Completed', 'Bivariate analysis': 'Completed', 'Advanced EDA': 'Completed', 'Visualizations': 5, 'Plots saved': 'Task1\\bivariate_analysis_plots, Task1\\improved_activity_plots'}
2025-09-08 03:13:55,115 - INFO - Starting focused conversion hypothesis testing
2025-09-08 03:13:55,132 - INFO - Statistical testing completed. 0/4 tests significant
2025-09-08 03:13:55,133 - INFO - Building predictive models
2025-09-08 03:13:56,084 - INFO - Predictive modeling completed. Best AUC: 0.6127
2025-09-08 03:13:56,085 - INFO - Phase 5 (Statistical Testing and Predictive Modeling) completed successfully
2025-09-08 03:13:56,085 - INFO - Phase 5 metrics: {'Statistical tests': 4, 'Significant tests': 0, 'Best model AUC': '0.6127', 'Best model': 'random_forest'}
2025-09-08 03:13:56,100 - INFO - Trial Activation Analysis completed successfully
