2025-09-08 07:34:09,724 - INFO - Starting Trial Activation Analysis
2025-09-08 07:34:09,728 - INFO - Creating utility functions
2025-09-08 07:34:09,729 - INFO - Utility functions created successfully
2025-09-08 07:34:09,733 - INFO - Directory created/verified: Task1\bivariate_analysis_plots
2025-09-08 07:34:09,736 - INFO - Directory created/verified: Task1\improved_activity_plots
2025-09-08 07:34:09,737 - INFO - Environment setup completed successfully
2025-09-08 07:34:09,737 - INFO - Random state set to: 42
2025-09-08 07:34:09,739 - INFO - Loading data from: data_clean.csv
2025-09-08 07:34:09,892 - INFO - Data loaded successfully. Shape: (41596, 7)
2025-09-08 07:34:09,893 - INFO - Columns: ['ORGANIZATION_ID', 'ACTIVITY_NAME', 'TIMESTAMP', 'CONVERTED', 'CONVERTED_AT', 'TRIAL_START', 'TRIAL_END']
2025-09-08 07:34:09,894 - INFO - === DATA OVERVIEW ===
2025-09-08 07:34:09,894 - INFO - Dataset shape: (41596, 7)
2025-09-08 07:34:09,950 - INFO - Memory usage: 15.84 MB
2025-09-08 07:34:09,963 - INFO - Null values per column:
ORGANIZATION_ID        0
ACTIVITY_NAME          0
TIMESTAMP              0
CONVERTED              0
CONVERTED_AT       32236
TRIAL_START            0
TRIAL_END              0
dtype: int64
2025-09-08 07:34:09,965 - INFO - Data types:
ORGANIZATION_ID    object
ACTIVITY_NAME      object
TIMESTAMP          object
CONVERTED            bool
CONVERTED_AT       object
TRIAL_START        object
TRIAL_END          object
dtype: object
2025-09-08 07:34:09,966 - INFO - === BASIC DATASET INFORMATION ===
2025-09-08 07:34:09,966 - INFO - Dataset dimensions: 41,596 rows × 7 columns
2025-09-08 07:34:10,018 - INFO - Memory usage: 15.84 MB
2025-09-08 07:34:10,019 - INFO - 
=== COLUMN INFORMATION ===
2025-09-08 07:34:10,040 - INFO -  1. ORGANIZATION_ID                | object          | Null:      0 (  0.0%) | Unique:      664
2025-09-08 07:34:10,045 - INFO -  2. ACTIVITY_NAME                  | object          | Null:      0 (  0.0%) | Unique:       27
2025-09-08 07:34:10,054 - INFO -  3. TIMESTAMP                      | object          | Null:      0 (  0.0%) | Unique:   40,550
2025-09-08 07:34:10,058 - INFO -  4. CONVERTED                      | bool            | Null:      0 (  0.0%) | Unique:        2
2025-09-08 07:34:10,062 - INFO -  5. CONVERTED_AT                   | object          | Null: 32,236 ( 77.5%) | Unique:      140
2025-09-08 07:34:10,067 - INFO -  6. TRIAL_START                    | object          | Null:      0 (  0.0%) | Unique:      664
2025-09-08 07:34:10,073 - INFO -  7. TRIAL_END                      | object          | Null:      0 (  0.0%) | Unique:      664
2025-09-08 07:34:10,073 - INFO - 
=== SAMPLE DATA (First 5 rows) ===
2025-09-08 07:34:10,079 - INFO - 
                    ORGANIZATION_ID                       ACTIVITY_NAME            TIMESTAMP  CONVERTED CONVERTED_AT          TRIAL_START            TRIAL_END
0  00456fd86311b6095ad05f7e31758f0d            Scheduling.Shift.Created  2024-01-11 13:49:19      False          NaN  2024-01-11 13:44:36  2024-02-10 13:44:36
1  00456fd86311b6095ad05f7e31758f0d  Scheduling.Shift.AssignmentChanged  2024-01-11 13:49:29      False          NaN  2024-01-11 13:44:36  2024-02-10 13:44:36
2  00456fd86311b6095ad05f7e31758f0d  Scheduling.Shift.AssignmentChanged  2024-01-11 13:49:30      False          NaN  2024-01-11 13:44:36  2024-02-10 13:44:36
3  00456fd86311b6095ad05f7e31758f0d       Communication.Message.Created  2024-01-11 13:52:48      False          NaN  2024-01-11 13:44:36  2024-02-10 13:44:36
4  00456fd86311b6095ad05f7e31758f0d              Mobile.Schedule.Loaded  2024-01-11 14:02:13      False          NaN  2024-01-11 13:44:36  2024-02-10 13:44:36
2025-09-08 07:34:10,080 - INFO - 
=== DATA TYPE SUMMARY ===
2025-09-08 07:34:10,083 - INFO - object         :   6 columns
2025-09-08 07:34:10,083 - INFO - bool           :   1 columns
2025-09-08 07:34:10,087 - INFO - Phase 1 (Data Loading and Initial Setup) completed successfully
2025-09-08 07:34:10,088 - INFO - Phase 1 metrics: {'Records loaded': 41596, 'Columns': 7, 'Organizations': 664}
2025-09-08 07:34:10,090 - INFO - Starting duplicate identification and removal
2025-09-08 07:34:10,123 - INFO - Duplicates removed: 0
2025-09-08 07:34:10,125 - INFO - Original shape: (41596, 7)
2025-09-08 07:34:10,125 - INFO - Final shape: (41596, 7)
2025-09-08 07:34:10,127 - INFO - Starting data type conversion and validation
2025-09-08 07:34:10,225 - INFO - All data type conversions completed successfully
2025-09-08 07:34:10,227 - INFO - Starting missing value analysis
2025-09-08 07:34:10,246 - INFO - Missing value analysis completed
2025-09-08 07:34:10,255 - INFO - Starting data validation rules check
2025-09-08 07:34:10,292 - INFO - Data validation completed. Results: {'timestamp_within_trial': True, 'converted_at_within_trial': False, 'trial_duration_valid': True}
2025-09-08 07:34:10,295 - INFO - Applying statistical robustness filtering
2025-09-08 07:34:10,320 - INFO - Statistical filtering completed: 41596 -> 26643 records
2025-09-08 07:34:10,648 - INFO - Cleaned data saved to: Task1\data_clean.csv
2025-09-08 07:34:10,653 - INFO - Phase 2 (Data Cleaning and Quality Assessment) completed successfully
2025-09-08 07:34:10,654 - INFO - Phase 2 metrics: {'Original records': 41596, 'Final records': 26643, 'Organizations': 630, 'Data reduction': '35.9%'}
2025-09-08 07:34:10,655 - INFO - Creating row-level temporal features
2025-09-08 07:34:10,681 - INFO - Row-level temporal features created successfully
2025-09-08 07:34:10,682 - INFO - Creating activity categories
2025-09-08 07:34:10,696 - INFO - Activity categories created successfully
2025-09-08 07:34:10,697 - INFO - Creating organization-level aggregated features
2025-09-08 07:34:12,387 - INFO - Organization-level features created successfully
2025-09-08 07:34:12,388 - INFO - Created features for 630 organizations
2025-09-08 07:34:12,389 - INFO - Phase 3 (Feature Engineering) completed successfully
2025-09-08 07:34:12,390 - INFO - Phase 3 metrics: {'Temporal features': 'Created', 'Activity categories': 'Created', 'Organization features': 630}
2025-09-08 07:34:12,391 - INFO - Creating dataset segments for analysis
2025-09-08 07:34:12,411 - INFO - Dataset segmentation completed
2025-09-08 07:34:12,412 - INFO - Starting univariate analysis
2025-09-08 07:34:12,421 - INFO - Univariate analysis completed
2025-09-08 07:34:12,422 - INFO - Starting bivariate analysis
2025-09-08 07:34:12,425 - INFO - Bivariate analysis completed
2025-09-08 07:34:12,426 - INFO - Starting advanced EDA
2025-09-08 07:34:12,429 - INFO - Advanced EDA completed
2025-09-08 07:34:12,430 - INFO - Creating visualization plots
2025-09-08 07:34:13,600 - INFO - Plot saved: Task1\bivariate_analysis_plots\activity_distribution.png
2025-09-08 07:34:14,093 - INFO - Plot saved: Task1\bivariate_analysis_plots\category_distribution.png
2025-09-08 07:34:14,260 - INFO - Using categorical units to plot a list of strings that are all parsable as floats or dates. If these strings should be plotted as numbers, cast to the appropriate data type before plotting.
2025-09-08 07:34:14,263 - INFO - Using categorical units to plot a list of strings that are all parsable as floats or dates. If these strings should be plotted as numbers, cast to the appropriate data type before plotting.
2025-09-08 07:34:15,380 - INFO - Plot saved: Task1\bivariate_analysis_plots\temporal_activity_analysis.png
2025-09-08 07:34:16,877 - INFO - Plot saved: Task1\improved_activity_plots\conversion_comparison.png
2025-09-08 07:34:17,602 - INFO - Plot saved: Task1\bivariate_analysis_plots\feature_correlation_analysis.png
2025-09-08 07:34:17,620 - INFO - Phase 4 (Dataset Segmentation and Analysis) completed successfully
2025-09-08 07:34:17,621 - INFO - Phase 4 metrics: {'Segments created': 3, 'Univariate analysis': 'Completed', 'Bivariate analysis': 'Completed', 'Advanced EDA': 'Completed', 'Visualizations': 5, 'Plots saved': 'Task1\\bivariate_analysis_plots, Task1\\improved_activity_plots'}
2025-09-08 07:34:17,624 - INFO - Starting focused conversion hypothesis testing
2025-09-08 07:34:17,650 - INFO - Statistical testing completed. 0/4 tests significant
2025-09-08 07:34:17,651 - INFO - Building predictive models
2025-09-08 07:34:18,609 - INFO - Predictive modeling completed. Best AUC: 0.6127
2025-09-08 07:34:18,610 - INFO - Phase 5 (Statistical Testing and Predictive Modeling) completed successfully
2025-09-08 07:34:18,611 - INFO - Phase 5 metrics: {'Statistical tests': 4, 'Significant tests': 0, 'Best model AUC': '0.6127', 'Best model': 'random_forest'}
2025-09-08 07:34:18,627 - INFO - Trial Activation Analysis completed successfully
