2025-09-08 02:36:01,089 - INFO - Starting Trial Activation Analysis
2025-09-08 02:36:01,092 - INFO - Creating utility functions
2025-09-08 02:36:01,093 - INFO - Utility functions created successfully
2025-09-08 02:36:01,096 - INFO - Directory created/verified: Task1\bivariate_analysis_plots
2025-09-08 02:36:01,098 - INFO - Directory created/verified: Task1\improved_activity_plots
2025-09-08 02:36:01,099 - INFO - Environment setup completed successfully
2025-09-08 02:36:01,099 - INFO - Random state set to: 42
2025-09-08 02:36:01,102 - INFO - Loading data from: data_clean.csv
2025-09-08 02:36:01,191 - INFO - Data loaded successfully. Shape: (26643, 7)
2025-09-08 02:36:01,192 - INFO - Columns: ['ORGANIZATION_ID', 'ACTIVITY_NAME', 'TIMESTAMP', 'CONVERTED', 'CONVERTED_AT', 'TRIAL_START', 'TRIAL_END']
2025-09-08 02:36:01,193 - INFO - === DATA OVERVIEW ===
2025-09-08 02:36:01,193 - INFO - Dataset shape: (26643, 7)
2025-09-08 02:36:01,228 - INFO - Memory usage: 10.14 MB
2025-09-08 02:36:01,236 - INFO - Null values per column:
ORGANIZATION_ID        0
ACTIVITY_NAME          0
TIMESTAMP              0
CONVERTED              0
CONVERTED_AT       21033
TRIAL_START            0
TRIAL_END              0
dtype: int64
2025-09-08 02:36:01,237 - INFO - Data types:
ORGANIZATION_ID    object
ACTIVITY_NAME      object
TIMESTAMP          object
CONVERTED            bool
CONVERTED_AT       object
TRIAL_START        object
TRIAL_END          object
dtype: object
2025-09-08 02:36:01,238 - INFO - === BASIC DATASET INFORMATION ===
2025-09-08 02:36:01,238 - INFO - Dataset dimensions: 26,643 rows × 7 columns
2025-09-08 02:36:01,273 - INFO - Memory usage: 10.14 MB
2025-09-08 02:36:01,273 - INFO - 
=== COLUMN INFORMATION ===
2025-09-08 02:36:01,279 - INFO -  1. ORGANIZATION_ID                | object          | Null:      0 (  0.0%) | Unique:      630
2025-09-08 02:36:01,284 - INFO -  2. ACTIVITY_NAME                  | object          | Null:      0 (  0.0%) | Unique:       25
2025-09-08 02:36:01,289 - INFO -  3. TIMESTAMP                      | object          | Null:      0 (  0.0%) | Unique:   26,005
2025-09-08 02:36:01,291 - INFO -  4. CONVERTED                      | bool            | Null:      0 (  0.0%) | Unique:        2
2025-09-08 02:36:01,293 - INFO -  5. CONVERTED_AT                   | object          | Null: 21,033 ( 78.9%) | Unique:      131
2025-09-08 02:36:01,297 - INFO -  6. TRIAL_START                    | object          | Null:      0 (  0.0%) | Unique:      630
2025-09-08 02:36:01,302 - INFO -  7. TRIAL_END                      | object          | Null:      0 (  0.0%) | Unique:      630
2025-09-08 02:36:01,302 - INFO - 
=== SAMPLE DATA (First 5 rows) ===
2025-09-08 02:36:01,306 - INFO - 
                    ORGANIZATION_ID                       ACTIVITY_NAME            TIMESTAMP  CONVERTED CONVERTED_AT          TRIAL_START            TRIAL_END
0  00456fd86311b6095ad05f7e31758f0d            Scheduling.Shift.Created  2024-01-11 13:49:19      False          NaN  2024-01-11 13:44:36  2024-02-10 13:44:36
1  00456fd86311b6095ad05f7e31758f0d  Scheduling.Shift.AssignmentChanged  2024-01-11 13:49:29      False          NaN  2024-01-11 13:44:36  2024-02-10 13:44:36
2  00456fd86311b6095ad05f7e31758f0d  Scheduling.Shift.AssignmentChanged  2024-01-11 13:49:30      False          NaN  2024-01-11 13:44:36  2024-02-10 13:44:36
3  00456fd86311b6095ad05f7e31758f0d       Communication.Message.Created  2024-01-11 13:52:48      False          NaN  2024-01-11 13:44:36  2024-02-10 13:44:36
4  00456fd86311b6095ad05f7e31758f0d              Mobile.Schedule.Loaded  2024-01-11 14:02:13      False          NaN  2024-01-11 13:44:36  2024-02-10 13:44:36
2025-09-08 02:36:01,307 - INFO - 
=== DATA TYPE SUMMARY ===
2025-09-08 02:36:01,309 - INFO - object         :   6 columns
2025-09-08 02:36:01,309 - INFO - bool           :   1 columns
2025-09-08 02:36:01,313 - INFO - Phase 1 (Data Loading and Initial Setup) completed successfully
2025-09-08 02:36:01,313 - INFO - Phase 1 metrics: {'Records loaded': 26643, 'Columns': 7, 'Organizations': 630}
2025-09-08 02:36:01,315 - INFO - Starting duplicate identification and removal
2025-09-08 02:36:01,336 - INFO - Duplicates removed: 0
2025-09-08 02:36:01,337 - INFO - Original shape: (26643, 7)
2025-09-08 02:36:01,337 - INFO - Final shape: (26643, 7)
2025-09-08 02:36:01,339 - INFO - Starting data type conversion and validation
2025-09-08 02:36:01,391 - INFO - All data type conversions completed successfully
2025-09-08 02:36:01,392 - INFO - Starting missing value analysis
2025-09-08 02:36:01,409 - INFO - Missing value analysis completed
2025-09-08 02:36:01,416 - INFO - Starting data validation rules check
2025-09-08 02:36:01,437 - INFO - Data validation completed. Results: {'timestamp_within_trial': True, 'converted_at_within_trial': False, 'trial_duration_valid': True}
2025-09-08 02:36:01,438 - INFO - Applying statistical robustness filtering
2025-09-08 02:36:01,455 - INFO - Statistical filtering completed: 26643 -> 18092 records
2025-09-08 02:36:01,668 - INFO - Cleaned data saved to: Task1\data_clean.csv
2025-09-08 02:36:01,670 - INFO - Phase 2 (Data Cleaning and Quality Assessment) completed successfully
2025-09-08 02:36:01,671 - INFO - Phase 2 metrics: {'Original records': 26643, 'Final records': 18092, 'Organizations': 599, 'Data reduction': '32.1%'}
2025-09-08 02:36:01,672 - INFO - Creating row-level temporal features
2025-09-08 02:36:01,687 - INFO - Row-level temporal features created successfully
2025-09-08 02:36:01,688 - INFO - Creating activity categories
2025-09-08 02:36:01,695 - INFO - Activity categories created successfully
2025-09-08 02:36:01,696 - INFO - Creating organization-level aggregated features
2025-09-08 02:36:03,517 - INFO - Organization-level features created successfully
2025-09-08 02:36:03,518 - INFO - Created features for 599 organizations
2025-09-08 02:36:03,519 - INFO - Phase 3 (Feature Engineering) completed successfully
2025-09-08 02:36:03,519 - INFO - Phase 3 metrics: {'Temporal features': 'Created', 'Activity categories': 'Created', 'Organization features': 599}
2025-09-08 02:36:03,520 - INFO - Creating dataset segments for analysis
2025-09-08 02:36:03,537 - INFO - Dataset segmentation completed
2025-09-08 02:36:03,538 - INFO - Starting univariate analysis
2025-09-08 02:36:03,546 - INFO - Univariate analysis completed
2025-09-08 02:36:03,547 - INFO - Starting bivariate analysis
2025-09-08 02:36:03,552 - INFO - Bivariate analysis completed
2025-09-08 02:36:03,553 - INFO - Starting advanced EDA
2025-09-08 02:36:03,556 - INFO - Advanced EDA completed
2025-09-08 02:36:03,557 - INFO - Creating visualization plots
2025-09-08 02:36:04,526 - INFO - Plot saved: Task1\bivariate_analysis_plots\activity_distribution.png
2025-09-08 02:36:05,031 - INFO - Plot saved: Task1\bivariate_analysis_plots\category_distribution.png
2025-09-08 02:36:05,205 - INFO - Using categorical units to plot a list of strings that are all parsable as floats or dates. If these strings should be plotted as numbers, cast to the appropriate data type before plotting.
2025-09-08 02:36:05,208 - INFO - Using categorical units to plot a list of strings that are all parsable as floats or dates. If these strings should be plotted as numbers, cast to the appropriate data type before plotting.
2025-09-08 02:36:06,357 - INFO - Plot saved: Task1\bivariate_analysis_plots\temporal_activity_analysis.png
2025-09-08 02:36:08,062 - INFO - Plot saved: Task1\improved_activity_plots\conversion_comparison.png
2025-09-08 02:36:08,845 - INFO - Plot saved: Task1\bivariate_analysis_plots\feature_correlation_analysis.png
2025-09-08 02:36:08,883 - INFO - Phase 4 (Dataset Segmentation and Analysis) completed successfully
2025-09-08 02:36:08,884 - INFO - Phase 4 metrics: {'Segments created': 3, 'Univariate analysis': 'Completed', 'Bivariate analysis': 'Completed', 'Advanced EDA': 'Completed', 'Visualizations': 5, 'Plots saved': 'Task1\\bivariate_analysis_plots, Task1\\improved_activity_plots'}
2025-09-08 02:36:08,885 - INFO - Starting focused conversion hypothesis testing
2025-09-08 02:36:08,903 - INFO - Statistical testing completed. 0/4 tests significant
2025-09-08 02:36:08,904 - INFO - Building predictive models
2025-09-08 02:36:09,889 - INFO - Predictive modeling completed. Best AUC: 0.5491
2025-09-08 02:36:09,890 - INFO - Phase 5 (Statistical Testing and Predictive Modeling) completed successfully
2025-09-08 02:36:09,890 - INFO - Phase 5 metrics: {'Statistical tests': 4, 'Significant tests': 0, 'Best model AUC': '0.5491', 'Best model': 'logistic_regression'}
2025-09-08 02:36:09,904 - INFO - Trial Activation Analysis completed successfully
