2025-09-08 02:34:41,764 - INFO - Starting Trial Activation Analysis
2025-09-08 02:34:41,768 - INFO - Creating utility functions
2025-09-08 02:34:41,769 - INFO - Utility functions created successfully
2025-09-08 02:34:41,777 - INFO - Directory created/verified: Task1\bivariate_analysis_plots
2025-09-08 02:34:41,784 - INFO - Directory created/verified: Task1\improved_activity_plots
2025-09-08 02:34:41,785 - INFO - Environment setup completed successfully
2025-09-08 02:34:41,785 - INFO - Random state set to: 42
2025-09-08 02:34:41,788 - INFO - Loading data from: data_clean.csv
2025-09-08 02:34:41,878 - INFO - Data loaded successfully. Shape: (26643, 7)
2025-09-08 02:34:41,878 - INFO - Columns: ['ORGANIZATION_ID', 'ACTIVITY_NAME', 'TIMESTAMP', 'CONVERTED', 'CONVERTED_AT', 'TRIAL_START', 'TRIAL_END']
2025-09-08 02:34:41,879 - INFO - === DATA OVERVIEW ===
2025-09-08 02:34:41,879 - INFO - Dataset shape: (26643, 7)
2025-09-08 02:34:41,913 - INFO - Memory usage: 10.14 MB
2025-09-08 02:34:41,922 - INFO - Null values per column:
ORGANIZATION_ID        0
ACTIVITY_NAME          0
TIMESTAMP              0
CONVERTED              0
CONVERTED_AT       21033
TRIAL_START            0
TRIAL_END              0
dtype: int64
2025-09-08 02:34:41,923 - INFO - Data types:
ORGANIZATION_ID    object
ACTIVITY_NAME      object
TIMESTAMP          object
CONVERTED            bool
CONVERTED_AT       object
TRIAL_START        object
TRIAL_END          object
dtype: object
2025-09-08 02:34:41,924 - INFO - === BASIC DATASET INFORMATION ===
2025-09-08 02:34:41,924 - INFO - Dataset dimensions: 26,643 rows × 7 columns
2025-09-08 02:34:41,957 - INFO - Memory usage: 10.14 MB
2025-09-08 02:34:41,959 - INFO - 
=== COLUMN INFORMATION ===
2025-09-08 02:34:41,965 - INFO -  1. ORGANIZATION_ID                | object          | Null:      0 (  0.0%) | Unique:      630
2025-09-08 02:34:41,969 - INFO -  2. ACTIVITY_NAME                  | object          | Null:      0 (  0.0%) | Unique:       25
2025-09-08 02:34:41,976 - INFO -  3. TIMESTAMP                      | object          | Null:      0 (  0.0%) | Unique:   26,005
2025-09-08 02:34:41,978 - INFO -  4. CONVERTED                      | bool            | Null:      0 (  0.0%) | Unique:        2
2025-09-08 02:34:41,980 - INFO -  5. CONVERTED_AT                   | object          | Null: 21,033 ( 78.9%) | Unique:      131
2025-09-08 02:34:41,984 - INFO -  6. TRIAL_START                    | object          | Null:      0 (  0.0%) | Unique:      630
2025-09-08 02:34:41,988 - INFO -  7. TRIAL_END                      | object          | Null:      0 (  0.0%) | Unique:      630
2025-09-08 02:34:41,989 - INFO - 
=== SAMPLE DATA (First 5 rows) ===
2025-09-08 02:34:41,994 - INFO - 
                    ORGANIZATION_ID                       ACTIVITY_NAME            TIMESTAMP  CONVERTED CONVERTED_AT          TRIAL_START            TRIAL_END
0  00456fd86311b6095ad05f7e31758f0d            Scheduling.Shift.Created  2024-01-11 13:49:19      False          NaN  2024-01-11 13:44:36  2024-02-10 13:44:36
1  00456fd86311b6095ad05f7e31758f0d  Scheduling.Shift.AssignmentChanged  2024-01-11 13:49:29      False          NaN  2024-01-11 13:44:36  2024-02-10 13:44:36
2  00456fd86311b6095ad05f7e31758f0d  Scheduling.Shift.AssignmentChanged  2024-01-11 13:49:30      False          NaN  2024-01-11 13:44:36  2024-02-10 13:44:36
3  00456fd86311b6095ad05f7e31758f0d       Communication.Message.Created  2024-01-11 13:52:48      False          NaN  2024-01-11 13:44:36  2024-02-10 13:44:36
4  00456fd86311b6095ad05f7e31758f0d              Mobile.Schedule.Loaded  2024-01-11 14:02:13      False          NaN  2024-01-11 13:44:36  2024-02-10 13:44:36
2025-09-08 02:34:41,995 - INFO - 
=== DATA TYPE SUMMARY ===
2025-09-08 02:34:41,996 - INFO - object         :   6 columns
2025-09-08 02:34:41,996 - INFO - bool           :   1 columns
2025-09-08 02:34:42,000 - INFO - Phase 1 (Data Loading and Initial Setup) completed successfully
2025-09-08 02:34:42,000 - INFO - Phase 1 metrics: {'Records loaded': 26643, 'Columns': 7, 'Organizations': 630}
2025-09-08 02:34:42,002 - INFO - Starting duplicate identification and removal
2025-09-08 02:34:42,022 - INFO - Duplicates removed: 0
2025-09-08 02:34:42,023 - INFO - Original shape: (26643, 7)
2025-09-08 02:34:42,024 - INFO - Final shape: (26643, 7)
2025-09-08 02:34:42,027 - INFO - Starting data type conversion and validation
2025-09-08 02:34:42,076 - INFO - All data type conversions completed successfully
2025-09-08 02:34:42,077 - INFO - Starting missing value analysis
2025-09-08 02:34:42,092 - INFO - Missing value analysis completed
2025-09-08 02:34:42,099 - INFO - Starting data validation rules check
2025-09-08 02:34:42,121 - INFO - Data validation completed. Results: {'timestamp_within_trial': True, 'converted_at_within_trial': False, 'trial_duration_valid': True}
2025-09-08 02:34:42,123 - INFO - Applying statistical robustness filtering
2025-09-08 02:34:42,372 - INFO - Cleaned data saved to: Task1\data_clean.csv
2025-09-08 02:34:42,375 - INFO - Phase 2 (Data Cleaning and Quality Assessment) completed successfully
2025-09-08 02:34:42,376 - INFO - Phase 2 metrics: {'Original records': 26643, 'Final records': 18092, 'Organizations': 599, 'Data reduction': '32.1%'}
2025-09-08 02:34:42,378 - INFO - Creating row-level temporal features
2025-09-08 02:34:42,391 - INFO - Row-level temporal features created successfully
2025-09-08 02:34:42,392 - INFO - Creating activity categories
2025-09-08 02:34:42,401 - INFO - Activity categories created successfully
2025-09-08 02:34:42,402 - INFO - Creating organization-level aggregated features
2025-09-08 02:34:44,211 - INFO - Organization-level features created successfully
2025-09-08 02:34:44,212 - INFO - Created features for 599 organizations
2025-09-08 02:34:44,214 - INFO - Phase 3 (Feature Engineering) completed successfully
2025-09-08 02:34:44,214 - INFO - Phase 3 metrics: {'Temporal features': 'Created', 'Activity categories': 'Created', 'Organization features': 599}
2025-09-08 02:34:44,215 - INFO - Creating dataset segments for analysis
2025-09-08 02:34:44,232 - INFO - Dataset segmentation completed
2025-09-08 02:34:44,233 - INFO - Starting univariate analysis
2025-09-08 02:34:44,241 - INFO - Univariate analysis completed
2025-09-08 02:34:44,242 - INFO - Starting bivariate analysis
2025-09-08 02:34:44,245 - INFO - Bivariate analysis completed
2025-09-08 02:34:44,246 - INFO - Starting advanced EDA
2025-09-08 02:34:44,250 - INFO - Advanced EDA completed
2025-09-08 02:34:44,251 - INFO - Creating visualization plots
2025-09-08 02:34:45,212 - INFO - Plot saved: Task1\bivariate_analysis_plots\activity_distribution.png
2025-09-08 02:34:45,720 - INFO - Plot saved: Task1\bivariate_analysis_plots\category_distribution.png
2025-09-08 02:34:45,904 - INFO - Using categorical units to plot a list of strings that are all parsable as floats or dates. If these strings should be plotted as numbers, cast to the appropriate data type before plotting.
2025-09-08 02:34:45,907 - INFO - Using categorical units to plot a list of strings that are all parsable as floats or dates. If these strings should be plotted as numbers, cast to the appropriate data type before plotting.
2025-09-08 02:34:47,049 - INFO - Plot saved: Task1\bivariate_analysis_plots\temporal_activity_analysis.png
2025-09-08 02:34:48,744 - INFO - Plot saved: Task1\improved_activity_plots\conversion_comparison.png
2025-09-08 02:34:49,529 - INFO - Plot saved: Task1\bivariate_analysis_plots\feature_correlation_analysis.png
2025-09-08 02:34:49,550 - INFO - Phase 4 (Dataset Segmentation and Analysis) completed successfully
2025-09-08 02:34:49,551 - INFO - Phase 4 metrics: {'Segments created': 3, 'Univariate analysis': 'Completed', 'Bivariate analysis': 'Completed', 'Advanced EDA': 'Completed', 'Visualizations': 5, 'Plots saved': 'Task1\\bivariate_analysis_plots, Task1\\improved_activity_plots'}
2025-09-08 02:34:49,552 - INFO - Starting focused conversion hypothesis testing
2025-09-08 02:34:49,556 - ERROR - Analysis failed: cannot reindex on an axis with duplicate labels
